# JRE version: Java(TM) SE Runtime Environment (8.0_25-b18) (build 1.8.0_25-b18)
# Java VM: Java HotSpot(TM) Client VM (25.25-b02 mixed mode windows-x86 )
Heap:
 def new generation   total 28672K, used 16653K [0x03c00000, 0x05b10000, 0x19150000)
  eden space 25536K,  52% used [0x03c00000, 0x049335d8, 0x054f0000)
  from space 3136K, 100% used [0x05800000, 0x05b10000, 0x05b10000)
  to   space 3136K,   0% used [0x054f0000, 0x054f0000, 0x05800000)
 tenured generation   total 63412K, used 44231K [0x19150000, 0x1cf3d000, 0x43c00000)
   the space 63412K,  69% used [0x19150000, 0x1bc81e78, 0x1bc82000, 0x1cf3d000)
 Metaspace       used 35648K, capacity 36788K, committed 36864K, reserved 37248K
GC Heap History (10 events):
Event: 39.097 GC heap before
{Heap before GC invocations=109 (full 5):
 def new generation   total 28672K, used 25536K [0x03c00000, 0x05b10000, 0x19150000)
  eden space 25536K, 100% used [0x03c00000, 0x054f0000, 0x054f0000)
  from space 3136K,   0% used [0x054f0000, 0x054f0000, 0x05800000)
  to   space 3136K,   0% used [0x05800000, 0x05800000, 0x05b10000)
 tenured generation   total 63412K, used 38045K [0x19150000, 0x1cf3d000, 0x43c00000)
   the space 63412K,  59% used [0x19150000, 0x1b677790, 0x1b677800, 0x1cf3d000)
 Metaspace       used 34630K, capacity 35723K, committed 35840K, reserved 36224K
Event: 39.109 GC heap after
Heap after GC invocations=110 (full 5):
 def new generation   total 28672K, used 1324K [0x03c00000, 0x05b10000, 0x19150000)
  eden space 25536K,   0% used [0x03c00000, 0x03c00000, 0x054f0000)
  from space 3136K,  42% used [0x05800000, 0x0594b110, 0x05b10000)
  to   space 3136K,   0% used [0x054f0000, 0x054f0000, 0x05800000)
 tenured generation   total 63412K, used 38045K [0x19150000, 0x1cf3d000, 0x43c00000)
   the space 63412K,  59% used [0x19150000, 0x1b677790, 0x1b677800, 0x1cf3d000)
 Metaspace       used 34630K, capacity 35723K, committed 35840K, reserved 36224K
}
Event: 39.724 GC heap before
{Heap before GC invocations=110 (full 5):
 def new generation   total 28672K, used 26860K [0x03c00000, 0x05b10000, 0x19150000)
  eden space 25536K, 100% used [0x03c00000, 0x054f0000, 0x054f0000)
  from space 3136K,  42% used [0x05800000, 0x0594b110, 0x05b10000)
  to   space 3136K,   0% used [0x054f0000, 0x054f0000, 0x05800000)
 tenured generation   total 63412K, used 38045K [0x19150000, 0x1cf3d000, 0x43c00000)
   the space 63412K,  59% used [0x19150000, 0x1b677790, 0x1b677800, 0x1cf3d000)
 Metaspace       used 34633K, capacity 35728K, committed 35840K, reserved 36224K
Event: 39.736 GC heap after
Heap after GC invocations=111 (full 5):
 def new generation   total 28672K, used 2288K [0x03c00000, 0x05b10000, 0x19150000)
  eden space 25536K,   0% used [0x03c00000, 0x03c00000, 0x054f0000)
  from space 3136K,  72% used [0x054f0000, 0x0572c110, 0x05800000)
  to   space 3136K,   0% used [0x05800000, 0x05800000, 0x05b10000)
 tenured generation   total 63412K, used 38045K [0x19150000, 0x1cf3d000, 0x43c00000)
   the space 63412K,  59% used [0x19150000, 0x1b677790, 0x1b677800, 0x1cf3d000)
 Metaspace       used 34633K, capacity 35728K, committed 35840K, reserved 36224K
}
Event: 39.844 GC heap before
{Heap before GC invocations=111 (full 5):
 def new generation   total 28672K, used 27824K [0x03c00000, 0x05b10000, 0x19150000)
  eden space 25536K, 100% used [0x03c00000, 0x054f0000, 0x054f0000)
  from space 3136K,  72% used [0x054f0000, 0x0572c110, 0x05800000)
  to   space 3136K,   0% used [0x05800000, 0x05800000, 0x05b10000)
 tenured generation   total 63412K, used 38045K [0x19150000, 0x1cf3d000, 0x43c00000)
   the space 63412K,  59% used [0x19150000, 0x1b677790, 0x1b677800, 0x1cf3d000)
 Metaspace       used 34663K, capacity 35761K, committed 35840K, reserved 36224K
Event: 39.858 GC heap after
Heap after GC invocations=112 (full 5):
 def new generation   total 28672K, used 1906K [0x03c00000, 0x05b10000, 0x19150000)
  eden space 25536K,   0% used [0x03c00000, 0x03c00000, 0x054f0000)
  from space 3136K,  60% used [0x05800000, 0x059dca48, 0x05b10000)
  to   space 3136K,   0% used [0x054f0000, 0x054f0000, 0x05800000)
 tenured generation   total 63412K, used 39319K [0x19150000, 0x1cf3d000, 0x43c00000)
   the space 63412K,  62% used [0x19150000, 0x1b7b5eb8, 0x1b7b6000, 0x1cf3d000)
 Metaspace       used 34663K, capacity 35761K, committed 35840K, reserved 36224K
}
Event: 40.878 GC heap before
{Heap before GC invocations=112 (full 5):
 def new generation   total 28672K, used 27442K [0x03c00000, 0x05b10000, 0x19150000)
  eden space 25536K, 100% used [0x03c00000, 0x054f0000, 0x054f0000)
  from space 3136K,  60% used [0x05800000, 0x059dca48, 0x05b10000)
  to   space 3136K,   0% used [0x054f0000, 0x054f0000, 0x05800000)
 tenured generation   total 63412K, used 39319K [0x19150000, 0x1cf3d000, 0x43c00000)
   the space 63412K,  62% used [0x19150000, 0x1b7b5eb8, 0x1b7b6000, 0x1cf3d000)
 Metaspace       used 35151K, capacity 36263K, committed 36352K, reserved 37248K
Event: 40.904 GC heap after
Heap after GC invocations=113 (full 5):
 def new generation   total 28672K, used 2840K [0x03c00000, 0x05b10000, 0x19150000)
  eden space 25536K,   0% used [0x03c00000, 0x03c00000, 0x054f0000)
  from space 3136K,  90% used [0x054f0000, 0x057b63a0, 0x05800000)
  to   space 3136K,   0% used [0x05800000, 0x05800000, 0x05b10000)
 tenured generation   total 63412K, used 40311K [0x19150000, 0x1cf3d000, 0x43c00000)
   the space 63412K,  63% used [0x19150000, 0x1b8adfc8, 0x1b8ae000, 0x1cf3d000)
 Metaspace       used 35151K, capacity 36263K, committed 36352K, reserved 37248K
}
Event: 41.652 GC heap before
{Heap before GC invocations=113 (full 5):
 def new generation   total 28672K, used 28376K [0x03c00000, 0x05b10000, 0x19150000)
  eden space 25536K, 100% used [0x03c00000, 0x054f0000, 0x054f0000)
  from space 3136K,  90% used [0x054f0000, 0x057b63a0, 0x05800000)
  to   space 3136K,   0% used [0x05800000, 0x05800000, 0x05b10000)
 tenured generation   total 63412K, used 40311K [0x19150000, 0x1cf3d000, 0x43c00000)
   the space 63412K,  63% used [0x19150000, 0x1b8adfc8, 0x1b8ae000, 0x1cf3d000)
 Metaspace       used 35484K, capacity 36618K, committed 36736K, reserved 37248K
Event: 41.682 GC heap after
Heap after GC invocations=114 (full 5):
 def new generation   total 28672K, used 3136K [0x03c00000, 0x05b10000, 0x19150000)
  eden space 25536K,   0% used [0x03c00000, 0x03c00000, 0x054f0000)
  from space 3136K, 100% used [0x05800000, 0x05b10000, 0x05b10000)
  to   space 3136K,   0% used [0x054f0000, 0x054f0000, 0x05800000)
 tenured generation   total 63412K, used 44231K [0x19150000, 0x1cf3d000, 0x43c00000)
   the space 63412K,  69% used [0x19150000, 0x1bc81e78, 0x1bc82000, 0x1cf3d000)
 Metaspace       used 35484K, capacity 36618K, committed 36736K, reserved 37248K
}

