# JRE version: Java(TM) SE Runtime Environment (8.0_25-b18) (build 1.8.0_25-b18)
# Java VM: Java HotSpot(TM) Client VM (25.25-b02 mixed mode windows-x86 )
Heap:
 def new generation   total 20288K, used 11268K [0x04400000, 0x05a00000, 0x19950000)
  eden space 18048K,  50% used [0x04400000, 0x04cd1388, 0x055a0000)
  from space 2240K, 100% used [0x057d0000, 0x05a00000, 0x05a00000)
  to   space 2240K,   0% used [0x055a0000, 0x055a0000, 0x057d0000)
 tenured generation   total 44892K, used 33372K [0x19950000, 0x1c527000, 0x44400000)
   the space 44892K,  74% used [0x19950000, 0x1b9e72d0, 0x1b9e7400, 0x1c527000)
 Metaspace       used 34790K, capacity 35710K, committed 36480K, reserved 37248K
GC Heap History (10 events):
Event: 72.681 GC heap before
{Heap before GC invocations=114 (full 5):
 def new generation   total 20288K, used 18048K [0x04400000, 0x05a00000, 0x19950000)
  eden space 18048K, 100% used [0x04400000, 0x055a0000, 0x055a0000)
  from space 2240K,   0% used [0x055a0000, 0x055a0000, 0x057d0000)
  to   space 2240K,   0% used [0x057d0000, 0x057d0000, 0x05a00000)
 tenured generation   total 44892K, used 26933K [0x19950000, 0x1c527000, 0x44400000)
   the space 44892K,  59% used [0x19950000, 0x1b39d4c8, 0x1b39d600, 0x1c527000)
 Metaspace       used 33770K, capacity 34655K, committed 35840K, reserved 36224K
Event: 72.689 GC heap after
Heap after GC invocations=115 (full 5):
 def new generation   total 20288K, used 557K [0x04400000, 0x05a00000, 0x19950000)
  eden space 18048K,   0% used [0x04400000, 0x04400000, 0x055a0000)
  from space 2240K,  24% used [0x057d0000, 0x0585b610, 0x05a00000)
  to   space 2240K,   0% used [0x055a0000, 0x055a0000, 0x057d0000)
 tenured generation   total 44892K, used 26933K [0x19950000, 0x1c527000, 0x44400000)
   the space 44892K,  59% used [0x19950000, 0x1b39d4c8, 0x1b39d600, 0x1c527000)
 Metaspace       used 33770K, capacity 34655K, committed 35840K, reserved 36224K
}
Event: 72.988 GC heap before
{Heap before GC invocations=115 (full 5):
 def new generation   total 20288K, used 18605K [0x04400000, 0x05a00000, 0x19950000)
  eden space 18048K, 100% used [0x04400000, 0x055a0000, 0x055a0000)
  from space 2240K,  24% used [0x057d0000, 0x0585b610, 0x05a00000)
  to   space 2240K,   0% used [0x055a0000, 0x055a0000, 0x057d0000)
 tenured generation   total 44892K, used 26933K [0x19950000, 0x1c527000, 0x44400000)
   the space 44892K,  59% used [0x19950000, 0x1b39d4c8, 0x1b39d600, 0x1c527000)
 Metaspace       used 33785K, capacity 34683K, committed 35840K, reserved 36224K
Event: 72.998 GC heap after
Heap after GC invocations=116 (full 5):
 def new generation   total 20288K, used 1719K [0x04400000, 0x05a00000, 0x19950000)
  eden space 18048K,   0% used [0x04400000, 0x04400000, 0x055a0000)
  from space 2240K,  76% used [0x055a0000, 0x0574dc90, 0x057d0000)
  to   space 2240K,   0% used [0x057d0000, 0x057d0000, 0x05a00000)
 tenured generation   total 44892K, used 26933K [0x19950000, 0x1c527000, 0x44400000)
   the space 44892K,  59% used [0x19950000, 0x1b39d4c8, 0x1b39d600, 0x1c527000)
 Metaspace       used 33785K, capacity 34683K, committed 35840K, reserved 36224K
}
Event: 74.405 GC heap before
{Heap before GC invocations=116 (full 5):
 def new generation   total 20288K, used 19767K [0x04400000, 0x05a00000, 0x19950000)
  eden space 18048K, 100% used [0x04400000, 0x055a0000, 0x055a0000)
  from space 2240K,  76% used [0x055a0000, 0x0574dc90, 0x057d0000)
  to   space 2240K,   0% used [0x057d0000, 0x057d0000, 0x05a00000)
 tenured generation   total 44892K, used 26933K [0x19950000, 0x1c527000, 0x44400000)
   the space 44892K,  59% used [0x19950000, 0x1b39d4c8, 0x1b39d600, 0x1c527000)
 Metaspace       used 34223K, capacity 35114K, committed 35840K, reserved 36224K
Event: 74.425 GC heap after
Heap after GC invocations=117 (full 5):
 def new generation   total 20288K, used 1513K [0x04400000, 0x05a00000, 0x19950000)
  eden space 18048K,   0% used [0x04400000, 0x04400000, 0x055a0000)
  from space 2240K,  67% used [0x057d0000, 0x0594a538, 0x05a00000)
  to   space 2240K,   0% used [0x055a0000, 0x055a0000, 0x057d0000)
 tenured generation   total 44892K, used 28647K [0x19950000, 0x1c527000, 0x44400000)
   the space 44892K,  63% used [0x19950000, 0x1b549dc8, 0x1b549e00, 0x1c527000)
 Metaspace       used 34223K, capacity 35114K, committed 35840K, reserved 36224K
}
Event: 76.903 GC heap before
{Heap before GC invocations=117 (full 5):
 def new generation   total 20288K, used 19561K [0x04400000, 0x05a00000, 0x19950000)
  eden space 18048K, 100% used [0x04400000, 0x055a0000, 0x055a0000)
  from space 2240K,  67% used [0x057d0000, 0x0594a538, 0x05a00000)
  to   space 2240K,   0% used [0x055a0000, 0x055a0000, 0x057d0000)
 tenured generation   total 44892K, used 28647K [0x19950000, 0x1c527000, 0x44400000)
   the space 44892K,  63% used [0x19950000, 0x1b549dc8, 0x1b549e00, 0x1c527000)
 Metaspace       used 34615K, capacity 35508K, committed 36224K, reserved 36224K
Event: 76.926 GC heap after
Heap after GC invocations=118 (full 5):
 def new generation   total 20288K, used 2240K [0x04400000, 0x05a00000, 0x19950000)
  eden space 18048K,   0% used [0x04400000, 0x04400000, 0x055a0000)
  from space 2240K, 100% used [0x055a0000, 0x057d0000, 0x057d0000)
  to   space 2240K,   0% used [0x057d0000, 0x057d0000, 0x05a00000)
 tenured generation   total 44892K, used 30897K [0x19950000, 0x1c527000, 0x44400000)
   the space 44892K,  68% used [0x19950000, 0x1b77c530, 0x1b77c600, 0x1c527000)
 Metaspace       used 34615K, capacity 35508K, committed 36224K, reserved 36224K
}
Event: 78.511 GC heap before
{Heap before GC invocations=118 (full 5):
 def new generation   total 20288K, used 20288K [0x04400000, 0x05a00000, 0x19950000)
  eden space 18048K, 100% used [0x04400000, 0x055a0000, 0x055a0000)
  from space 2240K, 100% used [0x055a0000, 0x057d0000, 0x057d0000)
  to   space 2240K,   0% used [0x057d0000, 0x057d0000, 0x05a00000)
 tenured generation   total 44892K, used 30897K [0x19950000, 0x1c527000, 0x44400000)
   the space 44892K,  68% used [0x19950000, 0x1b77c530, 0x1b77c600, 0x1c527000)
 Metaspace       used 34615K, capacity 35540K, committed 36224K, reserved 36224K
Event: 78.541 GC heap after
Heap after GC invocations=119 (full 5):
 def new generation   total 20288K, used 2240K [0x04400000, 0x05a00000, 0x19950000)
  eden space 18048K,   0% used [0x04400000, 0x04400000, 0x055a0000)
  from space 2240K, 100% used [0x057d0000, 0x05a00000, 0x05a00000)
  to   space 2240K,   0% used [0x055a0000, 0x055a0000, 0x057d0000)
 tenured generation   total 44892K, used 33372K [0x19950000, 0x1c527000, 0x44400000)
   the space 44892K,  74% used [0x19950000, 0x1b9e72d0, 0x1b9e7400, 0x1c527000)
 Metaspace       used 34615K, capacity 35540K, committed 36224K, reserved 36224K
}

