# JRE version: Java(TM) SE Runtime Environment (8.0_25-b18) (build 1.8.0_25-b18)
# Java VM: Java HotSpot(TM) Client VM (25.25-b02 mixed mode windows-x86 )
Heap:
 def new generation   total 27136K, used 8892K [0x04400000, 0x06170000, 0x19950000)
  eden space 24128K,  24% used [0x04400000, 0x049bf068, 0x05b90000)
  from space 3008K, 100% used [0x05e80000, 0x06170000, 0x06170000)
  to   space 3008K,   0% used [0x05b90000, 0x05b90000, 0x05e80000)
 tenured generation   total 60032K, used 36270K [0x19950000, 0x1d3f0000, 0x44400000)
   the space 60032K,  60% used [0x19950000, 0x1bcbbbf0, 0x1bcbbc00, 0x1d3f0000)
 Metaspace       used 37064K, capacity 38010K, committed 39040K, reserved 39296K
GC Heap History (10 events):
Event: 56.469 GC heap before
{Heap before GC invocations=131 (full 5):
 def new generation   total 22976K, used 22976K [0x04400000, 0x05ce0000, 0x19950000)
  eden space 20480K, 100% used [0x04400000, 0x05800000, 0x05800000)
  from space 2496K, 100% used [0x05a70000, 0x05ce0000, 0x05ce0000)
  to   space 2496K,   0% used [0x05800000, 0x05800000, 0x05a70000)
 tenured generation   total 50676K, used 44886K [0x19950000, 0x1cacd000, 0x44400000)
   the space 50676K,  88% used [0x19950000, 0x1c525b18, 0x1c525c00, 0x1cacd000)
 Metaspace       used 36750K, capacity 37846K, committed 37888K, reserved 38272K
Event: 56.486 GC heap after
Heap after GC invocations=132 (full 5):
 def new generation   total 22976K, used 672K [0x04400000, 0x05ce0000, 0x19950000)
  eden space 20480K,   0% used [0x04400000, 0x04400000, 0x05800000)
  from space 2496K,  26% used [0x05800000, 0x058a8080, 0x05a70000)
  to   space 2496K,   0% used [0x05a70000, 0x05a70000, 0x05ce0000)
 tenured generation   total 50676K, used 46688K [0x19950000, 0x1cacd000, 0x44400000)
   the space 50676K,  92% used [0x19950000, 0x1c6e81a8, 0x1c6e8200, 0x1cacd000)
 Metaspace       used 36750K, capacity 37846K, committed 37888K, reserved 38272K
}
Event: 57.862 GC heap before
{Heap before GC invocations=132 (full 5):
 def new generation   total 22976K, used 21152K [0x04400000, 0x05ce0000, 0x19950000)
  eden space 20480K, 100% used [0x04400000, 0x05800000, 0x05800000)
  from space 2496K,  26% used [0x05800000, 0x058a8080, 0x05a70000)
  to   space 2496K,   0% used [0x05a70000, 0x05a70000, 0x05ce0000)
 tenured generation   total 50676K, used 46688K [0x19950000, 0x1cacd000, 0x44400000)
   the space 50676K,  92% used [0x19950000, 0x1c6e81a8, 0x1c6e8200, 0x1cacd000)
 Metaspace       used 36775K, capacity 37871K, committed 37888K, reserved 38272K
Event: 57.873 GC heap after
Heap after GC invocations=133 (full 5):
 def new generation   total 22976K, used 1171K [0x04400000, 0x05ce0000, 0x19950000)
  eden space 20480K,   0% used [0x04400000, 0x04400000, 0x05800000)
  from space 2496K,  46% used [0x05a70000, 0x05b94ce8, 0x05ce0000)
  to   space 2496K,   0% used [0x05800000, 0x05800000, 0x05a70000)
 tenured generation   total 50676K, used 46688K [0x19950000, 0x1cacd000, 0x44400000)
   the space 50676K,  92% used [0x19950000, 0x1c6e81a8, 0x1c6e8200, 0x1cacd000)
 Metaspace       used 36775K, capacity 37871K, committed 37888K, reserved 38272K
}
Event: 60.049 GC heap before
{Heap before GC invocations=133 (full 5):
 def new generation   total 22976K, used 21651K [0x04400000, 0x05ce0000, 0x19950000)
  eden space 20480K, 100% used [0x04400000, 0x05800000, 0x05800000)
  from space 2496K,  46% used [0x05a70000, 0x05b94ce8, 0x05ce0000)
  to   space 2496K,   0% used [0x05800000, 0x05800000, 0x05a70000)
 tenured generation   total 50676K, used 46688K [0x19950000, 0x1cacd000, 0x44400000)
   the space 50676K,  92% used [0x19950000, 0x1c6e81a8, 0x1c6e8200, 0x1cacd000)
 Metaspace       used 37244K, capacity 38403K, committed 38528K, reserved 39296K
Event: 60.078 GC heap after
Heap after GC invocations=134 (full 5):
 def new generation   total 22976K, used 2496K [0x04400000, 0x05ce0000, 0x19950000)
  eden space 20480K,   0% used [0x04400000, 0x04400000, 0x05800000)
  from space 2496K, 100% used [0x05800000, 0x05a70000, 0x05a70000)
  to   space 2496K,   0% used [0x05a70000, 0x05a70000, 0x05ce0000)
 tenured generation   total 50676K, used 47806K [0x19950000, 0x1cacd000, 0x44400000)
   the space 50676K,  94% used [0x19950000, 0x1c7ffa18, 0x1c7ffc00, 0x1cacd000)
 Metaspace       used 37244K, capacity 38403K, committed 38528K, reserved 39296K
}
Event: 63.981 GC heap before
{Heap before GC invocations=134 (full 5):
 def new generation   total 22976K, used 22976K [0x04400000, 0x05ce0000, 0x19950000)
  eden space 20480K, 100% used [0x04400000, 0x05800000, 0x05800000)
  from space 2496K, 100% used [0x05800000, 0x05a70000, 0x05a70000)
  to   space 2496K,   0% used [0x05a70000, 0x05a70000, 0x05ce0000)
 tenured generation   total 50676K, used 47806K [0x19950000, 0x1cacd000, 0x44400000)
   the space 50676K,  94% used [0x19950000, 0x1c7ffa18, 0x1c7ffc00, 0x1cacd000)
 Metaspace       used 37759K, capacity 38962K, committed 39040K, reserved 39296K
Event: 64.280 GC heap after
Heap after GC invocations=135 (full 6):
 def new generation   total 27136K, used 0K [0x04400000, 0x06170000, 0x19950000)
  eden space 24128K,   0% used [0x04400000, 0x04400000, 0x05b90000)
  from space 3008K,   0% used [0x05b90000, 0x05b90000, 0x05e80000)
  to   space 3008K,   0% used [0x05e80000, 0x05e80000, 0x06170000)
 tenured generation   total 60032K, used 36018K [0x19950000, 0x1d3f0000, 0x44400000)
   the space 60032K,  59% used [0x19950000, 0x1bc7c8f8, 0x1bc7ca00, 0x1d3f0000)
 Metaspace       used 36862K, capacity 37835K, committed 39040K, reserved 39296K
}
Event: 64.602 GC heap before
{Heap before GC invocations=135 (full 6):
 def new generation   total 27136K, used 24128K [0x04400000, 0x06170000, 0x19950000)
  eden space 24128K, 100% used [0x04400000, 0x05b90000, 0x05b90000)
  from space 3008K,   0% used [0x05b90000, 0x05b90000, 0x05e80000)
  to   space 3008K,   0% used [0x05e80000, 0x05e80000, 0x06170000)
 tenured generation   total 60032K, used 36018K [0x19950000, 0x1d3f0000, 0x44400000)
   the space 60032K,  59% used [0x19950000, 0x1bc7c8f8, 0x1bc7ca00, 0x1d3f0000)
 Metaspace       used 36982K, capacity 37936K, committed 39040K, reserved 39296K
Event: 64.620 GC heap after
Heap after GC invocations=136 (full 6):
 def new generation   total 27136K, used 3008K [0x04400000, 0x06170000, 0x19950000)
  eden space 24128K,   0% used [0x04400000, 0x04400000, 0x05b90000)
  from space 3008K, 100% used [0x05e80000, 0x06170000, 0x06170000)
  to   space 3008K,   0% used [0x05b90000, 0x05b90000, 0x05e80000)
 tenured generation   total 60032K, used 36270K [0x19950000, 0x1d3f0000, 0x44400000)
   the space 60032K,  60% used [0x19950000, 0x1bcbbbf0, 0x1bcbbc00, 0x1d3f0000)
 Metaspace       used 36982K, capacity 37936K, committed 39040K, reserved 39296K
}

