# JRE version: Java(TM) SE Runtime Environment (8.0_25-b18) (build 1.8.0_25-b18)
# Java VM: Java HotSpot(TM) Client VM (25.25-b02 mixed mode windows-x86 )
Heap:
 def new generation   total 29824K, used 22339K [0x03e00000, 0x05e50000, 0x19350000)
  eden space 26560K,  71% used [0x03e00000, 0x050a0d48, 0x057f0000)
  from space 3264K, 100% used [0x057f0000, 0x05b20000, 0x05b20000)
  to   space 3264K,   0% used [0x05b20000, 0x05b20000, 0x05e50000)
 tenured generation   total 65940K, used 42468K [0x19350000, 0x1d3b5000, 0x43e00000)
   the space 65940K,  64% used [0x19350000, 0x1bcc9158, 0x1bcc9200, 0x1d3b5000)
 Metaspace       used 35648K, capacity 36790K, committed 36864K, reserved 37248K
GC Heap History (10 events):
Event: 40.798 GC heap before
{Heap before GC invocations=109 (full 4):
 def new generation   total 19520K, used 17818K [0x03e00000, 0x05320000, 0x19350000)
  eden space 17408K, 100% used [0x03e00000, 0x04f00000, 0x04f00000)
  from space 2112K,  19% used [0x05110000, 0x05176938, 0x05320000)
  to   space 2112K,   0% used [0x04f00000, 0x04f00000, 0x05110000)
 tenured generation   total 43036K, used 42565K [0x19350000, 0x1bd57000, 0x43e00000)
   the space 43036K,  98% used [0x19350000, 0x1bce1700, 0x1bce1800, 0x1bd57000)
 Metaspace       used 34643K, capacity 35756K, committed 35840K, reserved 36224K
Event: 40.803 GC heap after
Heap after GC invocations=110 (full 4):
 def new generation   total 19520K, used 587K [0x03e00000, 0x05320000, 0x19350000)
  eden space 17408K,   0% used [0x03e00000, 0x03e00000, 0x04f00000)
  from space 2112K,  27% used [0x04f00000, 0x04f92ca8, 0x05110000)
  to   space 2112K,   0% used [0x05110000, 0x05110000, 0x05320000)
 tenured generation   total 43036K, used 42565K [0x19350000, 0x1bd57000, 0x43e00000)
   the space 43036K,  98% used [0x19350000, 0x1bce1700, 0x1bce1800, 0x1bd57000)
 Metaspace       used 34643K, capacity 35756K, committed 35840K, reserved 36224K
}
Event: 41.042 GC heap before
{Heap before GC invocations=110 (full 4):
 def new generation   total 19520K, used 17995K [0x03e00000, 0x05320000, 0x19350000)
  eden space 17408K, 100% used [0x03e00000, 0x04f00000, 0x04f00000)
  from space 2112K,  27% used [0x04f00000, 0x04f92ca8, 0x05110000)
  to   space 2112K,   0% used [0x05110000, 0x05110000, 0x05320000)
 tenured generation   total 43036K, used 42565K [0x19350000, 0x1bd57000, 0x43e00000)
   the space 43036K,  98% used [0x19350000, 0x1bce1700, 0x1bce1800, 0x1bd57000)
 Metaspace       used 34667K, capacity 35776K, committed 35840K, reserved 36224K
Event: 41.055 GC heap after
Heap after GC invocations=111 (full 4):
 def new generation   total 19520K, used 1485K [0x03e00000, 0x05320000, 0x19350000)
  eden space 17408K,   0% used [0x03e00000, 0x03e00000, 0x04f00000)
  from space 2112K,  70% used [0x05110000, 0x05283410, 0x05320000)
  to   space 2112K,   0% used [0x04f00000, 0x04f00000, 0x05110000)
 tenured generation   total 43036K, used 42565K [0x19350000, 0x1bd57000, 0x43e00000)
   the space 43036K,  98% used [0x19350000, 0x1bce1700, 0x1bce1800, 0x1bd57000)
 Metaspace       used 34667K, capacity 35776K, committed 35840K, reserved 36224K
}
Event: 41.114 GC heap before
{Heap before GC invocations=111 (full 4):
 def new generation   total 19520K, used 18893K [0x03e00000, 0x05320000, 0x19350000)
  eden space 17408K, 100% used [0x03e00000, 0x04f00000, 0x04f00000)
  from space 2112K,  70% used [0x05110000, 0x05283410, 0x05320000)
  to   space 2112K,   0% used [0x04f00000, 0x04f00000, 0x05110000)
 tenured generation   total 43036K, used 42565K [0x19350000, 0x1bd57000, 0x43e00000)
   the space 43036K,  98% used [0x19350000, 0x1bce1700, 0x1bce1800, 0x1bd57000)
 Metaspace       used 34672K, capacity 35786K, committed 35840K, reserved 36224K
Event: 41.317 GC heap after
Heap after GC invocations=112 (full 5):
 def new generation   total 29824K, used 0K [0x03e00000, 0x05e50000, 0x19350000)
  eden space 26560K,   0% used [0x03e00000, 0x03e00000, 0x057f0000)
  from space 3264K,   0% used [0x057f0000, 0x057f0000, 0x05b20000)
  to   space 3264K,   0% used [0x05b20000, 0x05b20000, 0x05e50000)
 tenured generation   total 65940K, used 39563K [0x19350000, 0x1d3b5000, 0x43e00000)
   the space 65940K,  59% used [0x19350000, 0x1b9f2e40, 0x1b9f3000, 0x1d3b5000)
 Metaspace       used 34636K, capacity 35741K, committed 35840K, reserved 36224K
}
Event: 42.031 GC heap before
{Heap before GC invocations=112 (full 5):
 def new generation   total 29824K, used 26560K [0x03e00000, 0x05e50000, 0x19350000)
  eden space 26560K, 100% used [0x03e00000, 0x057f0000, 0x057f0000)
  from space 3264K,   0% used [0x057f0000, 0x057f0000, 0x05b20000)
  to   space 3264K,   0% used [0x05b20000, 0x05b20000, 0x05e50000)
 tenured generation   total 65940K, used 39563K [0x19350000, 0x1d3b5000, 0x43e00000)
   the space 65940K,  59% used [0x19350000, 0x1b9f2e40, 0x1b9f3000, 0x1d3b5000)
 Metaspace       used 35090K, capacity 36194K, committed 36224K, reserved 36224K
Event: 42.049 GC heap after
Heap after GC invocations=113 (full 5):
 def new generation   total 29824K, used 2147K [0x03e00000, 0x05e50000, 0x19350000)
  eden space 26560K,   0% used [0x03e00000, 0x03e00000, 0x057f0000)
  from space 3264K,  65% used [0x05b20000, 0x05d38e10, 0x05e50000)
  to   space 3264K,   0% used [0x057f0000, 0x057f0000, 0x05b20000)
 tenured generation   total 65940K, used 39563K [0x19350000, 0x1d3b5000, 0x43e00000)
   the space 65940K,  59% used [0x19350000, 0x1b9f2e40, 0x1b9f3000, 0x1d3b5000)
 Metaspace       used 35090K, capacity 36194K, committed 36224K, reserved 36224K
}
Event: 43.322 GC heap before
{Heap before GC invocations=113 (full 5):
 def new generation   total 29824K, used 28707K [0x03e00000, 0x05e50000, 0x19350000)
  eden space 26560K, 100% used [0x03e00000, 0x057f0000, 0x057f0000)
  from space 3264K,  65% used [0x05b20000, 0x05d38e10, 0x05e50000)
  to   space 3264K,   0% used [0x057f0000, 0x057f0000, 0x05b20000)
 tenured generation   total 65940K, used 39563K [0x19350000, 0x1d3b5000, 0x43e00000)
   the space 65940K,  59% used [0x19350000, 0x1b9f2e40, 0x1b9f3000, 0x1d3b5000)
 Metaspace       used 35484K, capacity 36588K, committed 36736K, reserved 37248K
Event: 43.364 GC heap after
Heap after GC invocations=114 (full 5):
 def new generation   total 29824K, used 3264K [0x03e00000, 0x05e50000, 0x19350000)
  eden space 26560K,   0% used [0x03e00000, 0x03e00000, 0x057f0000)
  from space 3264K, 100% used [0x057f0000, 0x05b20000, 0x05b20000)
  to   space 3264K,   0% used [0x05b20000, 0x05b20000, 0x05e50000)
 tenured generation   total 65940K, used 42468K [0x19350000, 0x1d3b5000, 0x43e00000)
   the space 65940K,  64% used [0x19350000, 0x1bcc9158, 0x1bcc9200, 0x1d3b5000)
 Metaspace       used 35484K, capacity 36588K, committed 36736K, reserved 37248K
}

