# JRE version: Java(TM) SE Runtime Environment (8.0_25-b18) (build 1.8.0_25-b18)
# Java VM: Java HotSpot(TM) Client VM (25.25-b02 mixed mode windows-x86 )
Heap:
 def new generation   total 19264K, used 14065K [0x03c00000, 0x050e0000, 0x19150000)
  eden space 17152K,  69% used [0x03c00000, 0x047ac668, 0x04cc0000)
  from space 2112K, 100% used [0x04ed0000, 0x050e0000, 0x050e0000)
  to   space 2112K,   0% used [0x04cc0000, 0x04cc0000, 0x04ed0000)
 tenured generation   total 42496K, used 25772K [0x19150000, 0x1bad0000, 0x43c00000)
   the space 42496K,  60% used [0x19150000, 0x1aa7b258, 0x1aa7b400, 0x1bad0000)
 Metaspace       used 30850K, capacity 31639K, committed 31744K, reserved 32128K
GC Heap History (10 events):
Event: 12.571 GC heap before
{Heap before GC invocations=94 (full 3):
 def new generation   total 12096K, used 11551K [0x03c00000, 0x04920000, 0x19150000)
  eden space 10752K,  99% used [0x03c00000, 0x0467f5a8, 0x04680000)
  from space 1344K,  59% used [0x04680000, 0x04748918, 0x047d0000)
  to   space 1344K,   0% used [0x047d0000, 0x047d0000, 0x04920000)
 tenured generation   total 26684K, used 24182K [0x19150000, 0x1ab5f000, 0x43c00000)
   the space 26684K,  90% used [0x19150000, 0x1a8edaa8, 0x1a8edc00, 0x1ab5f000)
 Metaspace       used 30165K, capacity 30907K, committed 30976K, reserved 31104K
Event: 12.583 GC heap after
Heap after GC invocations=95 (full 3):
 def new generation   total 12096K, used 1179K [0x03c00000, 0x04920000, 0x19150000)
  eden space 10752K,   0% used [0x03c00000, 0x03c00000, 0x04680000)
  from space 1344K,  87% used [0x047d0000, 0x048f6d38, 0x04920000)
  to   space 1344K,   0% used [0x04680000, 0x04680000, 0x047d0000)
 tenured generation   total 26684K, used 24549K [0x19150000, 0x1ab5f000, 0x43c00000)
   the space 26684K,  92% used [0x19150000, 0x1a9496e8, 0x1a949800, 0x1ab5f000)
 Metaspace       used 30165K, capacity 30907K, committed 30976K, reserved 31104K
}
Event: 12.820 GC heap before
{Heap before GC invocations=95 (full 3):
 def new generation   total 12096K, used 11931K [0x03c00000, 0x04920000, 0x19150000)
  eden space 10752K, 100% used [0x03c00000, 0x04680000, 0x04680000)
  from space 1344K,  87% used [0x047d0000, 0x048f6d38, 0x04920000)
  to   space 1344K,   0% used [0x04680000, 0x04680000, 0x047d0000)
 tenured generation   total 26684K, used 24549K [0x19150000, 0x1ab5f000, 0x43c00000)
   the space 26684K,  92% used [0x19150000, 0x1a9496e8, 0x1a949800, 0x1ab5f000)
 Metaspace       used 30204K, capacity 30971K, committed 30976K, reserved 31104K
Event: 12.828 GC heap after
Heap after GC invocations=96 (full 3):
 def new generation   total 12096K, used 613K [0x03c00000, 0x04920000, 0x19150000)
  eden space 10752K,   0% used [0x03c00000, 0x03c00000, 0x04680000)
  from space 1344K,  45% used [0x04680000, 0x047195e0, 0x047d0000)
  to   space 1344K,   0% used [0x047d0000, 0x047d0000, 0x04920000)
 tenured generation   total 26684K, used 25166K [0x19150000, 0x1ab5f000, 0x43c00000)
   the space 26684K,  94% used [0x19150000, 0x1a9e3988, 0x1a9e3a00, 0x1ab5f000)
 Metaspace       used 30204K, capacity 30971K, committed 30976K, reserved 31104K
}
Event: 13.189 GC heap before
{Heap before GC invocations=96 (full 3):
 def new generation   total 12096K, used 11365K [0x03c00000, 0x04920000, 0x19150000)
  eden space 10752K, 100% used [0x03c00000, 0x04680000, 0x04680000)
  from space 1344K,  45% used [0x04680000, 0x047195e0, 0x047d0000)
  to   space 1344K,   0% used [0x047d0000, 0x047d0000, 0x04920000)
 tenured generation   total 26684K, used 25166K [0x19150000, 0x1ab5f000, 0x43c00000)
   the space 26684K,  94% used [0x19150000, 0x1a9e3988, 0x1a9e3a00, 0x1ab5f000)
 Metaspace       used 30327K, capacity 31080K, committed 31104K, reserved 31104K
Event: 13.196 GC heap after
Heap after GC invocations=97 (full 3):
 def new generation   total 12096K, used 1073K [0x03c00000, 0x04920000, 0x19150000)
  eden space 10752K,   0% used [0x03c00000, 0x03c00000, 0x04680000)
  from space 1344K,  79% used [0x047d0000, 0x048dc648, 0x04920000)
  to   space 1344K,   0% used [0x04680000, 0x04680000, 0x047d0000)
 tenured generation   total 26684K, used 25166K [0x19150000, 0x1ab5f000, 0x43c00000)
   the space 26684K,  94% used [0x19150000, 0x1a9e3988, 0x1a9e3a00, 0x1ab5f000)
 Metaspace       used 30327K, capacity 31080K, committed 31104K, reserved 31104K
}
Event: 13.423 GC heap before
{Heap before GC invocations=97 (full 3):
 def new generation   total 12096K, used 11825K [0x03c00000, 0x04920000, 0x19150000)
  eden space 10752K, 100% used [0x03c00000, 0x04680000, 0x04680000)
  from space 1344K,  79% used [0x047d0000, 0x048dc648, 0x04920000)
  to   space 1344K,   0% used [0x04680000, 0x04680000, 0x047d0000)
 tenured generation   total 26684K, used 25166K [0x19150000, 0x1ab5f000, 0x43c00000)
   the space 26684K,  94% used [0x19150000, 0x1a9e3988, 0x1a9e3a00, 0x1ab5f000)
 Metaspace       used 30686K, capacity 31466K, committed 31488K, reserved 32128K
Event: 13.576 GC heap after
Heap after GC invocations=98 (full 4):
 def new generation   total 19264K, used 0K [0x03c00000, 0x050e0000, 0x19150000)
  eden space 17152K,   0% used [0x03c00000, 0x03c00000, 0x04cc0000)
  from space 2112K,   0% used [0x04cc0000, 0x04cc0000, 0x04ed0000)
  to   space 2112K,   0% used [0x04ed0000, 0x04ed0000, 0x050e0000)
 tenured generation   total 42496K, used 25497K [0x19150000, 0x1bad0000, 0x43c00000)
   the space 42496K,  59% used [0x19150000, 0x1aa365f8, 0x1aa36600, 0x1bad0000)
 Metaspace       used 30686K, capacity 31466K, committed 31488K, reserved 32128K
}
Event: 14.137 GC heap before
{Heap before GC invocations=98 (full 4):
 def new generation   total 19264K, used 17152K [0x03c00000, 0x050e0000, 0x19150000)
  eden space 17152K, 100% used [0x03c00000, 0x04cc0000, 0x04cc0000)
  from space 2112K,   0% used [0x04cc0000, 0x04cc0000, 0x04ed0000)
  to   space 2112K,   0% used [0x04ed0000, 0x04ed0000, 0x050e0000)
 tenured generation   total 42496K, used 25497K [0x19150000, 0x1bad0000, 0x43c00000)
   the space 42496K,  59% used [0x19150000, 0x1aa365f8, 0x1aa36600, 0x1bad0000)
 Metaspace       used 30688K, capacity 31469K, committed 31488K, reserved 32128K
Event: 14.156 GC heap after
Heap after GC invocations=99 (full 4):
 def new generation   total 19264K, used 2112K [0x03c00000, 0x050e0000, 0x19150000)
  eden space 17152K,   0% used [0x03c00000, 0x03c00000, 0x04cc0000)
  from space 2112K, 100% used [0x04ed0000, 0x050e0000, 0x050e0000)
  to   space 2112K,   0% used [0x04cc0000, 0x04cc0000, 0x04ed0000)
 tenured generation   total 42496K, used 25772K [0x19150000, 0x1bad0000, 0x43c00000)
   the space 42496K,  60% used [0x19150000, 0x1aa7b258, 0x1aa7b400, 0x1bad0000)
 Metaspace       used 30688K, capacity 31469K, committed 31488K, reserved 32128K
}

