# JRE version: Java(TM) SE Runtime Environment (8.0_25-b18) (build 1.8.0_25-b18)
# Java VM: Java HotSpot(TM) Client VM (25.25-b02 mixed mode windows-x86 )
Heap:
 def new generation   total 36736K, used 21294K [0x03c00000, 0x063d0000, 0x19150000)
  eden space 32704K,  65% used [0x03c00000, 0x050cb9e0, 0x05bf0000)
  from space 4032K,   0% used [0x05bf0000, 0x05bf0000, 0x05fe0000)
  to   space 4032K,   0% used [0x05fe0000, 0x05fe0000, 0x063d0000)
 tenured generation   total 81276K, used 48763K [0x19150000, 0x1e0af000, 0x43c00000)
   the space 81276K,  59% used [0x19150000, 0x1c0eede8, 0x1c0eee00, 0x1e0af000)
 Metaspace       used 35685K, capacity 36837K, committed 36864K, reserved 37248K
GC Heap History (10 events):
Event: 19.518 GC heap before
{Heap before GC invocations=108 (full 4):
 def new generation   total 20992K, used 20010K [0x03c00000, 0x052c0000, 0x19150000)
  eden space 18688K, 100% used [0x03c00000, 0x04e40000, 0x04e40000)
  from space 2304K,  57% used [0x05080000, 0x051ca8e0, 0x052c0000)
  to   space 2304K,   0% used [0x04e40000, 0x04e40000, 0x05080000)
 tenured generation   total 46344K, used 43063K [0x19150000, 0x1be92000, 0x43c00000)
   the space 46344K,  92% used [0x19150000, 0x1bb5dd60, 0x1bb5de00, 0x1be92000)
 Metaspace       used 34678K, capacity 35789K, committed 35840K, reserved 36224K
Event: 19.533 GC heap after
Heap after GC invocations=109 (full 4):
 def new generation   total 20992K, used 970K [0x03c00000, 0x052c0000, 0x19150000)
  eden space 18688K,   0% used [0x03c00000, 0x03c00000, 0x04e40000)
  from space 2304K,  42% used [0x04e40000, 0x04f32bb0, 0x05080000)
  to   space 2304K,   0% used [0x05080000, 0x05080000, 0x052c0000)
 tenured generation   total 46344K, used 43899K [0x19150000, 0x1be92000, 0x43c00000)
   the space 46344K,  94% used [0x19150000, 0x1bc2ee10, 0x1bc2f000, 0x1be92000)
 Metaspace       used 34678K, capacity 35789K, committed 35840K, reserved 36224K
}
Event: 19.628 GC heap before
{Heap before GC invocations=109 (full 4):
 def new generation   total 20992K, used 19658K [0x03c00000, 0x052c0000, 0x19150000)
  eden space 18688K, 100% used [0x03c00000, 0x04e40000, 0x04e40000)
  from space 2304K,  42% used [0x04e40000, 0x04f32bb0, 0x05080000)
  to   space 2304K,   0% used [0x05080000, 0x05080000, 0x052c0000)
 tenured generation   total 46344K, used 43899K [0x19150000, 0x1be92000, 0x43c00000)
   the space 46344K,  94% used [0x19150000, 0x1bc2ee10, 0x1bc2f000, 0x1be92000)
 Metaspace       used 34678K, capacity 35789K, committed 35840K, reserved 36224K
Event: 19.638 GC heap after
Heap after GC invocations=110 (full 4):
 def new generation   total 20992K, used 1195K [0x03c00000, 0x052c0000, 0x19150000)
  eden space 18688K,   0% used [0x03c00000, 0x03c00000, 0x04e40000)
  from space 2304K,  51% used [0x05080000, 0x051aad30, 0x052c0000)
  to   space 2304K,   0% used [0x04e40000, 0x04e40000, 0x05080000)
 tenured generation   total 46344K, used 43899K [0x19150000, 0x1be92000, 0x43c00000)
   the space 46344K,  94% used [0x19150000, 0x1bc2ee10, 0x1bc2f000, 0x1be92000)
 Metaspace       used 34678K, capacity 35789K, committed 35840K, reserved 36224K
}
Event: 20.060 GC heap before
{Heap before GC invocations=110 (full 4):
 def new generation   total 20992K, used 19883K [0x03c00000, 0x052c0000, 0x19150000)
  eden space 18688K, 100% used [0x03c00000, 0x04e40000, 0x04e40000)
  from space 2304K,  51% used [0x05080000, 0x051aad30, 0x052c0000)
  to   space 2304K,   0% used [0x04e40000, 0x04e40000, 0x05080000)
 tenured generation   total 46344K, used 43899K [0x19150000, 0x1be92000, 0x43c00000)
   the space 46344K,  94% used [0x19150000, 0x1bc2ee10, 0x1bc2f000, 0x1be92000)
 Metaspace       used 34828K, capacity 35952K, committed 35968K, reserved 36224K
Event: 20.073 GC heap after
Heap after GC invocations=111 (full 4):
 def new generation   total 20992K, used 2127K [0x03c00000, 0x052c0000, 0x19150000)
  eden space 18688K,   0% used [0x03c00000, 0x03c00000, 0x04e40000)
  from space 2304K,  92% used [0x04e40000, 0x05053c78, 0x05080000)
  to   space 2304K,   0% used [0x05080000, 0x05080000, 0x052c0000)
 tenured generation   total 46344K, used 44082K [0x19150000, 0x1be92000, 0x43c00000)
   the space 46344K,  95% used [0x19150000, 0x1bc5c8e8, 0x1bc5ca00, 0x1be92000)
 Metaspace       used 34828K, capacity 35952K, committed 35968K, reserved 36224K
}
Event: 20.476 GC heap before
{Heap before GC invocations=111 (full 4):
 def new generation   total 20992K, used 20815K [0x03c00000, 0x052c0000, 0x19150000)
  eden space 18688K, 100% used [0x03c00000, 0x04e40000, 0x04e40000)
  from space 2304K,  92% used [0x04e40000, 0x05053c78, 0x05080000)
  to   space 2304K,   0% used [0x05080000, 0x05080000, 0x052c0000)
 tenured generation   total 46344K, used 44082K [0x19150000, 0x1be92000, 0x43c00000)
   the space 46344K,  95% used [0x19150000, 0x1bc5c8e8, 0x1bc5ca00, 0x1be92000)
 Metaspace       used 35172K, capacity 36289K, committed 36352K, reserved 37248K
Event: 20.495 GC heap after
Heap after GC invocations=112 (full 4):
 def new generation   total 20992K, used 2304K [0x03c00000, 0x052c0000, 0x19150000)
  eden space 18688K,   0% used [0x03c00000, 0x03c00000, 0x04e40000)
  from space 2304K, 100% used [0x05080000, 0x052c0000, 0x052c0000)
  to   space 2304K,   0% used [0x04e40000, 0x04e40000, 0x05080000)
 tenured generation   total 46344K, used 45156K [0x19150000, 0x1be92000, 0x43c00000)
   the space 46344K,  97% used [0x19150000, 0x1bd69268, 0x1bd69400, 0x1be92000)
 Metaspace       used 35172K, capacity 36289K, committed 36352K, reserved 37248K
}
Event: 20.773 GC heap before
{Heap before GC invocations=112 (full 4):
 def new generation   total 20992K, used 20992K [0x03c00000, 0x052c0000, 0x19150000)
  eden space 18688K, 100% used [0x03c00000, 0x04e40000, 0x04e40000)
  from space 2304K, 100% used [0x05080000, 0x052c0000, 0x052c0000)
  to   space 2304K,   0% used [0x04e40000, 0x04e40000, 0x05080000)
 tenured generation   total 46344K, used 45156K [0x19150000, 0x1be92000, 0x43c00000)
   the space 46344K,  97% used [0x19150000, 0x1bd69268, 0x1bd69400, 0x1be92000)
 Metaspace       used 35533K, capacity 36678K, committed 36736K, reserved 37248K
Event: 21.021 GC heap after
Heap after GC invocations=113 (full 5):
 def new generation   total 36736K, used 0K [0x03c00000, 0x063d0000, 0x19150000)
  eden space 32704K,   0% used [0x03c00000, 0x03c00000, 0x05bf0000)
  from space 4032K,   0% used [0x05bf0000, 0x05bf0000, 0x05fe0000)
  to   space 4032K,   0% used [0x05fe0000, 0x05fe0000, 0x063d0000)
 tenured generation   total 81276K, used 48763K [0x19150000, 0x1e0af000, 0x43c00000)
   the space 81276K,  59% used [0x19150000, 0x1c0eede8, 0x1c0eee00, 0x1e0af000)
 Metaspace       used 35524K, capacity 36667K, committed 36736K, reserved 37248K
}

