# JRE version: Java(TM) SE Runtime Environment (8.0_25-b18) (build 1.8.0_25-b18)
# Java VM: Java HotSpot(TM) Client VM (25.25-b02 mixed mode windows-x86 )
Heap:
 def new generation   total 21184K, used 11951K [0x03a00000, 0x050f0000, 0x18f50000)
  eden space 18880K,  51% used [0x03a00000, 0x0436bfa0, 0x04c70000)
  from space 2304K, 100% used [0x04c70000, 0x04eb0000, 0x04eb0000)
  to   space 2304K,   0% used [0x04eb0000, 0x04eb0000, 0x050f0000)
 tenured generation   total 46856K, used 37563K [0x18f50000, 0x1bd12000, 0x43a00000)
   the space 46856K,  80% used [0x18f50000, 0x1b3feff0, 0x1b3ff000, 0x1bd12000)
 Metaspace       used 39002K, capacity 40043K, committed 40832K, reserved 41344K
GC Heap History (10 events):
Event: 253.299 GC heap before
{Heap before GC invocations=151 (full 6):
 def new generation   total 21184K, used 20115K [0x03a00000, 0x050f0000, 0x18f50000)
  eden space 18880K, 100% used [0x03a00000, 0x04c70000, 0x04c70000)
  from space 2304K,  53% used [0x04eb0000, 0x04fe4cc0, 0x050f0000)
  to   space 2304K,   0% used [0x04c70000, 0x04c70000, 0x04eb0000)
 tenured generation   total 46856K, used 29937K [0x18f50000, 0x1bd12000, 0x43a00000)
   the space 46856K,  63% used [0x18f50000, 0x1ac8c568, 0x1ac8c600, 0x1bd12000)
 Metaspace       used 37955K, capacity 38951K, committed 39808K, reserved 40320K
Event: 253.312 GC heap after
Heap after GC invocations=152 (full 6):
 def new generation   total 21184K, used 554K [0x03a00000, 0x050f0000, 0x18f50000)
  eden space 18880K,   0% used [0x03a00000, 0x03a00000, 0x04c70000)
  from space 2304K,  24% used [0x04c70000, 0x04cfab10, 0x04eb0000)
  to   space 2304K,   0% used [0x04eb0000, 0x04eb0000, 0x050f0000)
 tenured generation   total 46856K, used 31170K [0x18f50000, 0x1bd12000, 0x43a00000)
   the space 46856K,  66% used [0x18f50000, 0x1adc0910, 0x1adc0a00, 0x1bd12000)
 Metaspace       used 37955K, capacity 38951K, committed 39808K, reserved 40320K
}
Event: 253.550 GC heap before
{Heap before GC invocations=152 (full 6):
 def new generation   total 21184K, used 19434K [0x03a00000, 0x050f0000, 0x18f50000)
  eden space 18880K, 100% used [0x03a00000, 0x04c70000, 0x04c70000)
  from space 2304K,  24% used [0x04c70000, 0x04cfab10, 0x04eb0000)
  to   space 2304K,   0% used [0x04eb0000, 0x04eb0000, 0x050f0000)
 tenured generation   total 46856K, used 31170K [0x18f50000, 0x1bd12000, 0x43a00000)
   the space 46856K,  66% used [0x18f50000, 0x1adc0910, 0x1adc0a00, 0x1bd12000)
 Metaspace       used 38026K, capacity 39008K, committed 39808K, reserved 40320K
Event: 253.564 GC heap after
Heap after GC invocations=153 (full 6):
 def new generation   total 21184K, used 1859K [0x03a00000, 0x050f0000, 0x18f50000)
  eden space 18880K,   0% used [0x03a00000, 0x03a00000, 0x04c70000)
  from space 2304K,  80% used [0x04eb0000, 0x05080fa0, 0x050f0000)
  to   space 2304K,   0% used [0x04c70000, 0x04c70000, 0x04eb0000)
 tenured generation   total 46856K, used 31170K [0x18f50000, 0x1bd12000, 0x43a00000)
   the space 46856K,  66% used [0x18f50000, 0x1adc0910, 0x1adc0a00, 0x1bd12000)
 Metaspace       used 38026K, capacity 39008K, committed 39808K, reserved 40320K
}
Event: 255.297 GC heap before
{Heap before GC invocations=153 (full 6):
 def new generation   total 21184K, used 20739K [0x03a00000, 0x050f0000, 0x18f50000)
  eden space 18880K, 100% used [0x03a00000, 0x04c70000, 0x04c70000)
  from space 2304K,  80% used [0x04eb0000, 0x05080fa0, 0x050f0000)
  to   space 2304K,   0% used [0x04c70000, 0x04c70000, 0x04eb0000)
 tenured generation   total 46856K, used 31170K [0x18f50000, 0x1bd12000, 0x43a00000)
   the space 46856K,  66% used [0x18f50000, 0x1adc0910, 0x1adc0a00, 0x1bd12000)
 Metaspace       used 38399K, capacity 39415K, committed 40192K, reserved 40320K
Event: 255.318 GC heap after
Heap after GC invocations=154 (full 6):
 def new generation   total 21184K, used 1491K [0x03a00000, 0x050f0000, 0x18f50000)
  eden space 18880K,   0% used [0x03a00000, 0x03a00000, 0x04c70000)
  from space 2304K,  64% used [0x04c70000, 0x04de4f30, 0x04eb0000)
  to   space 2304K,   0% used [0x04eb0000, 0x04eb0000, 0x050f0000)
 tenured generation   total 46856K, used 32873K [0x18f50000, 0x1bd12000, 0x43a00000)
   the space 46856K,  70% used [0x18f50000, 0x1af6a4d0, 0x1af6a600, 0x1bd12000)
 Metaspace       used 38399K, capacity 39415K, committed 40192K, reserved 40320K
}
Event: 256.758 GC heap before
{Heap before GC invocations=154 (full 6):
 def new generation   total 21184K, used 20371K [0x03a00000, 0x050f0000, 0x18f50000)
  eden space 18880K, 100% used [0x03a00000, 0x04c70000, 0x04c70000)
  from space 2304K,  64% used [0x04c70000, 0x04de4f30, 0x04eb0000)
  to   space 2304K,   0% used [0x04eb0000, 0x04eb0000, 0x050f0000)
 tenured generation   total 46856K, used 32873K [0x18f50000, 0x1bd12000, 0x43a00000)
   the space 46856K,  70% used [0x18f50000, 0x1af6a4d0, 0x1af6a600, 0x1bd12000)
 Metaspace       used 38833K, capacity 39870K, committed 40704K, reserved 41344K
Event: 256.784 GC heap after
Heap after GC invocations=155 (full 6):
 def new generation   total 21184K, used 2304K [0x03a00000, 0x050f0000, 0x18f50000)
  eden space 18880K,   0% used [0x03a00000, 0x03a00000, 0x04c70000)
  from space 2304K, 100% used [0x04eb0000, 0x050f0000, 0x050f0000)
  to   space 2304K,   0% used [0x04c70000, 0x04c70000, 0x04eb0000)
 tenured generation   total 46856K, used 34960K [0x18f50000, 0x1bd12000, 0x43a00000)
   the space 46856K,  74% used [0x18f50000, 0x1b1743f0, 0x1b174400, 0x1bd12000)
 Metaspace       used 38833K, capacity 39870K, committed 40704K, reserved 41344K
}
Event: 257.159 GC heap before
{Heap before GC invocations=155 (full 6):
 def new generation   total 21184K, used 21184K [0x03a00000, 0x050f0000, 0x18f50000)
  eden space 18880K, 100% used [0x03a00000, 0x04c70000, 0x04c70000)
  from space 2304K, 100% used [0x04eb0000, 0x050f0000, 0x050f0000)
  to   space 2304K,   0% used [0x04c70000, 0x04c70000, 0x04eb0000)
 tenured generation   total 46856K, used 34960K [0x18f50000, 0x1bd12000, 0x43a00000)
   the space 46856K,  74% used [0x18f50000, 0x1b1743f0, 0x1b174400, 0x1bd12000)
 Metaspace       used 38836K, capacity 39873K, committed 40704K, reserved 41344K
Event: 257.186 GC heap after
Heap after GC invocations=156 (full 6):
 def new generation   total 21184K, used 2304K [0x03a00000, 0x050f0000, 0x18f50000)
  eden space 18880K,   0% used [0x03a00000, 0x03a00000, 0x04c70000)
  from space 2304K, 100% used [0x04c70000, 0x04eb0000, 0x04eb0000)
  to   space 2304K,   0% used [0x04eb0000, 0x04eb0000, 0x050f0000)
 tenured generation   total 46856K, used 37563K [0x18f50000, 0x1bd12000, 0x43a00000)
   the space 46856K,  80% used [0x18f50000, 0x1b3feff0, 0x1b3ff000, 0x1bd12000)
 Metaspace       used 38836K, capacity 39873K, committed 40704K, reserved 41344K
}

