# JRE version: Java(TM) SE Runtime Environment (8.0_25-b18) (build 1.8.0_25-b18)
# Java VM: Java HotSpot(TM) Client VM (25.25-b02 mixed mode windows-x86 )
Heap:
 def new generation   total 24896K, used 20843K [0x04400000, 0x05f00000, 0x19950000)
  eden space 22144K,  81% used [0x04400000, 0x055aad98, 0x059a0000)
  from space 2752K, 100% used [0x059a0000, 0x05c50000, 0x05c50000)
  to   space 2752K,   0% used [0x05c50000, 0x05c50000, 0x05f00000)
 tenured generation   total 55052K, used 47771K [0x19950000, 0x1cf13000, 0x44400000)
   the space 55052K,  86% used [0x19950000, 0x1c7f6e60, 0x1c7f7000, 0x1cf13000)
 Metaspace       used 37509K, capacity 38632K, committed 38656K, reserved 39296K
GC Heap History (10 events):
Event: 65.773 GC heap before
{Heap before GC invocations=117 (full 5):
 def new generation   total 24896K, used 23318K [0x04400000, 0x05f00000, 0x19950000)
  eden space 22144K, 100% used [0x04400000, 0x059a0000, 0x059a0000)
  from space 2752K,  42% used [0x05c50000, 0x05d75a18, 0x05f00000)
  to   space 2752K,   0% used [0x059a0000, 0x059a0000, 0x05c50000)
 tenured generation   total 55052K, used 41838K [0x19950000, 0x1cf13000, 0x44400000)
   the space 55052K,  75% used [0x19950000, 0x1c22b930, 0x1c22ba00, 0x1cf13000)
 Metaspace       used 36471K, capacity 37553K, committed 37632K, reserved 38272K
Event: 65.782 GC heap after
Heap after GC invocations=118 (full 5):
 def new generation   total 24896K, used 1416K [0x04400000, 0x05f00000, 0x19950000)
  eden space 22144K,   0% used [0x04400000, 0x04400000, 0x059a0000)
  from space 2752K,  51% used [0x059a0000, 0x05b020a8, 0x05c50000)
  to   space 2752K,   0% used [0x05c50000, 0x05c50000, 0x05f00000)
 tenured generation   total 55052K, used 41838K [0x19950000, 0x1cf13000, 0x44400000)
   the space 55052K,  75% used [0x19950000, 0x1c22b930, 0x1c22ba00, 0x1cf13000)
 Metaspace       used 36471K, capacity 37553K, committed 37632K, reserved 38272K
}
Event: 66.633 GC heap before
{Heap before GC invocations=118 (full 5):
 def new generation   total 24896K, used 23560K [0x04400000, 0x05f00000, 0x19950000)
  eden space 22144K, 100% used [0x04400000, 0x059a0000, 0x059a0000)
  from space 2752K,  51% used [0x059a0000, 0x05b020a8, 0x05c50000)
  to   space 2752K,   0% used [0x05c50000, 0x05c50000, 0x05f00000)
 tenured generation   total 55052K, used 41838K [0x19950000, 0x1cf13000, 0x44400000)
   the space 55052K,  75% used [0x19950000, 0x1c22b930, 0x1c22ba00, 0x1cf13000)
 Metaspace       used 36482K, capacity 37568K, committed 37632K, reserved 38272K
Event: 66.647 GC heap after
Heap after GC invocations=119 (full 5):
 def new generation   total 24896K, used 1383K [0x04400000, 0x05f00000, 0x19950000)
  eden space 22144K,   0% used [0x04400000, 0x04400000, 0x059a0000)
  from space 2752K,  50% used [0x05c50000, 0x05da9e58, 0x05f00000)
  to   space 2752K,   0% used [0x059a0000, 0x059a0000, 0x05c50000)
 tenured generation   total 55052K, used 42754K [0x19950000, 0x1cf13000, 0x44400000)
   the space 55052K,  77% used [0x19950000, 0x1c310910, 0x1c310a00, 0x1cf13000)
 Metaspace       used 36482K, capacity 37568K, committed 37632K, reserved 38272K
}
Event: 66.916 GC heap before
{Heap before GC invocations=119 (full 5):
 def new generation   total 24896K, used 23527K [0x04400000, 0x05f00000, 0x19950000)
  eden space 22144K, 100% used [0x04400000, 0x059a0000, 0x059a0000)
  from space 2752K,  50% used [0x05c50000, 0x05da9e58, 0x05f00000)
  to   space 2752K,   0% used [0x059a0000, 0x059a0000, 0x05c50000)
 tenured generation   total 55052K, used 42754K [0x19950000, 0x1cf13000, 0x44400000)
   the space 55052K,  77% used [0x19950000, 0x1c310910, 0x1c310a00, 0x1cf13000)
 Metaspace       used 36562K, capacity 37667K, committed 37760K, reserved 38272K
Event: 66.929 GC heap after
Heap after GC invocations=120 (full 5):
 def new generation   total 24896K, used 1861K [0x04400000, 0x05f00000, 0x19950000)
  eden space 22144K,   0% used [0x04400000, 0x04400000, 0x059a0000)
  from space 2752K,  67% used [0x059a0000, 0x05b71650, 0x05c50000)
  to   space 2752K,   0% used [0x05c50000, 0x05c50000, 0x05f00000)
 tenured generation   total 55052K, used 43206K [0x19950000, 0x1cf13000, 0x44400000)
   the space 55052K,  78% used [0x19950000, 0x1c381938, 0x1c381a00, 0x1cf13000)
 Metaspace       used 36562K, capacity 37667K, committed 37760K, reserved 38272K
}
Event: 68.251 GC heap before
{Heap before GC invocations=120 (full 5):
 def new generation   total 24896K, used 24005K [0x04400000, 0x05f00000, 0x19950000)
  eden space 22144K, 100% used [0x04400000, 0x059a0000, 0x059a0000)
  from space 2752K,  67% used [0x059a0000, 0x05b71650, 0x05c50000)
  to   space 2752K,   0% used [0x05c50000, 0x05c50000, 0x05f00000)
 tenured generation   total 55052K, used 43206K [0x19950000, 0x1cf13000, 0x44400000)
   the space 55052K,  78% used [0x19950000, 0x1c381938, 0x1c381a00, 0x1cf13000)
 Metaspace       used 36972K, capacity 38103K, committed 38144K, reserved 38272K
Event: 68.272 GC heap after
Heap after GC invocations=121 (full 5):
 def new generation   total 24896K, used 2507K [0x04400000, 0x05f00000, 0x19950000)
  eden space 22144K,   0% used [0x04400000, 0x04400000, 0x059a0000)
  from space 2752K,  91% used [0x05c50000, 0x05ec2c18, 0x05f00000)
  to   space 2752K,   0% used [0x059a0000, 0x059a0000, 0x05c50000)
 tenured generation   total 55052K, used 44121K [0x19950000, 0x1cf13000, 0x44400000)
   the space 55052K,  80% used [0x19950000, 0x1c4665f0, 0x1c466600, 0x1cf13000)
 Metaspace       used 36972K, capacity 38103K, committed 38144K, reserved 38272K
}
Event: 69.833 GC heap before
{Heap before GC invocations=121 (full 5):
 def new generation   total 24896K, used 24651K [0x04400000, 0x05f00000, 0x19950000)
  eden space 22144K, 100% used [0x04400000, 0x059a0000, 0x059a0000)
  from space 2752K,  91% used [0x05c50000, 0x05ec2c18, 0x05f00000)
  to   space 2752K,   0% used [0x059a0000, 0x059a0000, 0x05c50000)
 tenured generation   total 55052K, used 44121K [0x19950000, 0x1cf13000, 0x44400000)
   the space 55052K,  80% used [0x19950000, 0x1c4665f0, 0x1c466600, 0x1cf13000)
 Metaspace       used 37343K, capacity 38460K, committed 38528K, reserved 39296K
Event: 69.870 GC heap after
Heap after GC invocations=122 (full 5):
 def new generation   total 24896K, used 2752K [0x04400000, 0x05f00000, 0x19950000)
  eden space 22144K,   0% used [0x04400000, 0x04400000, 0x059a0000)
  from space 2752K, 100% used [0x059a0000, 0x05c50000, 0x05c50000)
  to   space 2752K,   0% used [0x05c50000, 0x05c50000, 0x05f00000)
 tenured generation   total 55052K, used 47771K [0x19950000, 0x1cf13000, 0x44400000)
   the space 55052K,  86% used [0x19950000, 0x1c7f6e60, 0x1c7f7000, 0x1cf13000)
 Metaspace       used 37343K, capacity 38460K, committed 38528K, reserved 39296K
}

